20:23:38 **** Incremental Build of configuration Debug for project timer ****
make -j8 all 
arm-none-eabi-gcc -o "timer.elf" @"objects.list"   -mcpu=cortex-m4 -T"C:\Users\ACER\STM32CubeIDE\workspace_1.13.0\timer\STM32WB55RGVX_FLASH.ld" --specs=nosys.specs -Wl,-Map="timer.map" -Wl,--gc-sections -static --specs=nano.specs -mfpu=fpv4-sp-d16 -mfloat-abi=hard -mthumb -Wl,--start-group -lc -lm -Wl,--end-group
C:/ST/STM32CubeIDE_1.13.0/STM32CubeIDE/plugins/com.st.stm32cube.ide.mcu.externaltools.gnu-tools-for-stm32.11.3.rel1.win32_1.1.0.202305231506/tools/bin/../lib/gcc/arm-none-eabi/11.3.1/../../../../arm-none-eabi/bin/ld.exe: ./Core/Src/main.o: in function `main':
C:/Users/ACER/STM32CubeIDE/workspace_1.13.0/timer/Debug/../Core/Src/main.c:6: undefined reference to `SystemClock_Config'
C:/ST/STM32CubeIDE_1.13.0/STM32CubeIDE/plugins/com.st.stm32cube.ide.mcu.externaltools.gnu-tools-for-stm32.11.3.rel1.win32_1.1.0.202305231506/tools/bin/../lib/gcc/arm-none-eabi/11.3.1/../../../../arm-none-eabi/bin/ld.exe: ./Core/Src/stm32wbxx_it.o: in function `TIM1_UP_TIM16_IRQHandler':
C:/Users/ACER/STM32CubeIDE/workspace_1.13.0/timer/Debug/../Core/Src/stm32wbxx_it.c:213: undefined reference to `htim16'
collect2.exe: error: ld returned 1 exit status
make: *** [makefile:70: timer.elf] Error 1
"make -j8 all" terminated with exit code 2. Build might be incomplete.

20:23:39 Build Failed. 5 errors, 0 warnings. (took 871ms)

